0 info it worked if it ends with ok
1 verbose cli [ '/usr/bin/nodejs', '/usr/bin/npm', 'show', 'jscolor' ]
2 info using npm@1.3.10
3 info using node@v0.10.25
4 verbose registry.get jscolor not expired, no request
5 error TypeError: Cannot call method 'hasOwnProperty' of undefined
5 error     at /usr/share/npm/lib/view.js:61:27
5 error     at RegClient.get_ (/usr/share/npm/node_modules/npm-registry-client/lib/get.js:105:14)
5 error     at RegClient.<anonymous> (/usr/share/npm/node_modules/npm-registry-client/lib/get.js:41:12)
5 error     at fs.js:268:14
5 error     at /usr/lib/nodejs/graceful-fs/graceful-fs.js:103:5
5 error     at Object.oncomplete (fs.js:107:15)
6 error If you need help, you may report this log at:
6 error     <http://github.com/isaacs/npm/issues>
6 error or email it to:
6 error     <npm-@googlegroups.com>
7 error System Linux 3.19.0-30-generic
8 error command "/usr/bin/nodejs" "/usr/bin/npm" "show" "jscolor"
9 error cwd /home/desa4/workspace/canvas/static/canvas/js
10 error node -v v0.10.25
11 error npm -v 1.3.10
12 error type non_object_property_call
13 verbose exit [ 1, true ]
